TN:
SF:src/CTF/NFT_Enumerable/NFTEnumerable.sol
FN:17,NFTEnumerable.mint
FNDA:41,NFTEnumerable.mint
DA:18,41
BRDA:18,0,0,1
BRDA:18,0,1,40
DA:19,40
DA:20,40
FN:23,NFTEnumerable.totalSupply
FNDA:1,NFTEnumerable.totalSupply
DA:24,42
FNF:2
FNH:2
LF:4
LH:4
BRF:2
BRH:2
end_of_record
TN:
SF:src/CTF/NFT_Enumerable/PrimeNumberFinder.sol
FN:15,PrimeNumberFinder.primeNumberOwned
FNDA:2,PrimeNumberFinder.primeNumberOwned
DA:16,2
DA:17,2
DA:18,2
DA:19,20
DA:20,20
BRDA:20,0,0,8
BRDA:20,0,1,20
DA:21,8
DA:24,2
FN:27,PrimeNumberFinder._isPrime
FNDA:20,PrimeNumberFinder._isPrime
DA:28,20
BRDA:28,1,0,3
BRDA:28,1,1,17
DA:29,3
DA:30,17
BRDA:30,2,0,11
BRDA:30,2,1,6
DA:31,11
DA:33,6
DA:34,6
DA:35,0
BRDA:35,3,0,-
BRDA:35,3,1,-
DA:36,0
DA:38,0
DA:40,6
FNF:2
FNH:2
LF:17
LH:14
BRF:8
BRH:6
end_of_record
TN:
SF:src/CTF/overmint1.sol
FN:32,attackOvermint.supportsInterface
FNDA:0,attackOvermint.supportsInterface
DA:34,0
FN:36,attackOvermint.onERC721Received
FNDA:0,attackOvermint.onERC721Received
DA:43,0
DA:44,0
DA:45,0
BRDA:45,0,0,-
BRDA:45,0,1,-
DA:46,0
DA:47,0
FN:50,attackOvermint.attack
FNDA:0,attackOvermint.attack
DA:51,0
FN:14,Overmint1.mint
FNDA:0,Overmint1.mint
DA:15,0
BRDA:15,0,0,-
BRDA:15,0,1,-
DA:16,0
DA:17,0
DA:18,0
FN:21,Overmint1.success
FNDA:0,Overmint1.success
DA:22,0
FNF:5
FNH:0
LF:12
LH:0
BRF:4
BRH:0
end_of_record
TN:
SF:src/CTF/overmint2.sol
FN:56,AttackerVault.onERC721Received
FNDA:0,AttackerVault.onERC721Received
DA:57,0
DA:58,0
DA:59,0
FN:62,AttackerVault.claim
FNDA:0,AttackerVault.claim
DA:63,0
DA:64,0
FN:12,Overmint2.mint
FNDA:0,Overmint2.mint
DA:13,0
BRDA:13,0,0,-
BRDA:13,0,1,-
DA:14,0
DA:15,0
FN:18,Overmint2.success
FNDA:0,Overmint2.success
DA:19,0
FN:33,Attacker.attack
FNDA:0,Attacker.attack
DA:34,0
DA:35,0
DA:36,0
DA:37,0
DA:39,0
DA:40,0
FNF:5
FNH:0
LF:15
LH:0
BRF:2
BRH:0
end_of_record
TN:
SF:src/NFT_Staking/NFT.sol
FN:44,NFT.supportsInterface
FNDA:768,NFT.supportsInterface
DA:45,768
DA:46,512
FN:49,NFT.closePresale
FNDA:14,NFT.closePresale
DA:50,14
BRDA:50,0,0,1
BRDA:50,0,1,13
DA:51,13
FN:54,NFT.mint
FNDA:11,NFT.mint
DA:55,11
BRDA:55,1,0,1
BRDA:55,1,1,10
DA:56,10
BRDA:56,2,0,1
BRDA:56,2,1,9
DA:57,9
BRDA:57,3,0,1
BRDA:57,3,1,8
DA:58,8
DA:59,8
FN:62,NFT.whitelistMint
FNDA:71,NFT.whitelistMint
DA:64,71
BRDA:64,4,0,1
BRDA:64,4,1,70
DA:65,70
BRDA:65,5,0,1
BRDA:65,5,1,69
DA:66,69
BRDA:66,6,0,1
BRDA:66,6,1,68
DA:67,68
DA:68,68
FN:71,NFT.stakingContract
FNDA:1,NFT.stakingContract
DA:72,1
FN:76,NFT.withrawFunds
FNDA:1,NFT.withrawFunds
DA:77,1
DA:78,1
DA:79,1
FN:82,NFT.totalSupply
FNDA:3,NFT.totalSupply
DA:83,3
FNF:7
FNH:7
LF:19
LH:19
BRF:14
BRH:14
end_of_record
TN:
SF:src/NFT_Staking/RewardToken.sol
FN:15,RewardToken.mint
FNDA:3,RewardToken.mint
DA:16,3
BRDA:16,0,0,1
BRDA:16,0,1,2
DA:17,2
FNF:1
FNH:1
LF:2
LH:2
BRF:2
BRH:2
end_of_record
TN:
SF:src/NFT_Staking/Staking.sol
FN:56,Staking.supportsInterface
FNDA:512,Staking.supportsInterface
DA:57,512
DA:58,512
FN:69,Staking.onERC721Received
FNDA:6,Staking.onERC721Received
DA:70,6
BRDA:70,0,0,1
BRDA:70,0,1,5
DA:71,5
DA:72,5
DA:73,5
FN:78,Staking.nft
FNDA:0,Staking.nft
DA:79,6
FN:85,Staking._calculateReward
FNDA:3,Staking._calculateReward
DA:86,3
DA:87,3
DA:88,3
FN:96,Staking._stake
FNDA:5,Staking._stake
DA:97,5
DA:98,5
DA:99,5
DA:100,5
DA:101,5
FN:104,Staking.claim
FNDA:2,Staking.claim
DA:105,2
FN:109,Staking._claim
FNDA:3,Staking._claim
DA:110,3
BRDA:110,1,0,1
BRDA:110,1,1,2
DA:111,2
DA:112,2
DA:113,2
DA:114,2
FN:119,Staking.unStake
FNDA:2,Staking.unStake
DA:120,2
DA:121,2
DA:123,2
BRDA:123,2,0,1
BRDA:123,2,1,1
DA:125,1
DA:126,1
DA:127,1
DA:128,1
DA:129,1
DA:130,1
DA:131,1
FN:138,Staking.tokenContract
FNDA:1,Staking.tokenContract
DA:139,1
FN:146,Staking.claimable
FNDA:1,Staking.claimable
DA:147,1
FN:155,Staking.userStake
FNDA:4,Staking.userStake
DA:156,4
DA:157,4
FN:168,Staking.tokenIdByIndex
FNDA:4,Staking.tokenIdByIndex
DA:169,4
BRDA:169,3,0,3
BRDA:169,3,1,1
DA:170,1
FN:178,Staking.ownerOf
FNDA:2,Staking.ownerOf
DA:179,2
FNF:13
FNH:12
LF:38
LH:38
BRF:8
BRH:8
end_of_record
